[2025-01-06 17:22:49,124: INFO: main: Welcome to our custom logging data science ]
[2025-01-08 06:57:35,680: INFO: common: yaml file: config\config.yaml loaded successfully]
[2025-01-08 06:57:35,689: INFO: common: yaml file: params.yaml loaded successfully]
[2025-01-08 06:59:02,065: INFO: common: yaml file: config\config.yaml loaded successfully]
[2025-01-08 06:59:02,100: INFO: common: yaml file: params.yaml loaded successfully]
[2025-01-08 06:59:02,108: INFO: common: yaml file: schema.yaml loaded successfully]
[2025-01-08 06:59:02,112: INFO: common: created directory at: artifacts]
[2025-01-08 06:59:02,116: INFO: common: created directory at: artifacts/data_ingestion]
[2025-01-08 06:59:03,566: INFO: 209364024: artifacts/data_ingestion/data.zip downloaded! with following info
: Connection: close
Content-Length: 23329
Cache-Control: max-age=300
Content-Security-Policy: default-src 'none'; style-src 'unsafe-inline'; sandbox
Content-Type: application/zip
ETag: "c69888a4ae59bc5a893392785a938ccd4937981c06ba8a9d6a21aa52b4ab5b6e"
Strict-Transport-Security: max-age=31536000
X-Content-Type-Options: nosniff
X-Frame-Options: deny
X-XSS-Protection: 1; mode=block
X-GitHub-Request-Id: A554:4D54C:8577:1546B:677DD4DE
Accept-Ranges: bytes
Date: Wed, 08 Jan 2025 01:29:03 GMT
Via: 1.1 varnish
X-Served-By: cache-del21724-DEL
X-Cache: MISS
X-Cache-Hits: 0
X-Timer: S1736299743.933129,VS0,VE291
Vary: Authorization,Accept-Encoding,Origin
Access-Control-Allow-Origin: *
Cross-Origin-Resource-Policy: cross-origin
X-Fastly-Request-ID: 38b273757095c8f47876dfe3cdc4506689fde0ad
Expires: Wed, 08 Jan 2025 01:34:03 GMT
Source-Age: 0

]
[2025-01-08 07:02:43,034: INFO: common: yaml file: config\config.yaml loaded successfully]
[2025-01-08 07:02:43,039: INFO: common: yaml file: params.yaml loaded successfully]
[2025-01-08 07:02:43,042: INFO: common: yaml file: schema.yaml loaded successfully]
[2025-01-08 07:02:43,048: INFO: common: created directory at: artifacts]
[2025-01-08 07:02:43,051: INFO: common: created directory at: artifacts/data_ingestion]
[2025-01-08 07:02:43,933: INFO: 2514658180: artifacts/data_ingestion/data.zip download! with following info: 
Connection: close
Content-Length: 23329
Cache-Control: max-age=300
Content-Security-Policy: default-src 'none'; style-src 'unsafe-inline'; sandbox
Content-Type: application/zip
ETag: "c69888a4ae59bc5a893392785a938ccd4937981c06ba8a9d6a21aa52b4ab5b6e"
Strict-Transport-Security: max-age=31536000
X-Content-Type-Options: nosniff
X-Frame-Options: deny
X-XSS-Protection: 1; mode=block
X-GitHub-Request-Id: A554:4D54C:8577:1546B:677DD4DE
Accept-Ranges: bytes
Date: Wed, 08 Jan 2025 01:32:43 GMT
Via: 1.1 varnish
X-Served-By: cache-del21746-DEL
X-Cache: HIT
X-Cache-Hits: 0
X-Timer: S1736299964.648218,VS0,VE1
Vary: Authorization,Accept-Encoding,Origin
Access-Control-Allow-Origin: *
Cross-Origin-Resource-Policy: cross-origin
X-Fastly-Request-ID: fca6ae3136946faf377ad93a21d5ef2530b73d8a
Expires: Wed, 08 Jan 2025 01:37:43 GMT
Source-Age: 220

]
[2025-01-08 07:03:42,054: INFO: common: yaml file: config\config.yaml loaded successfully]
[2025-01-08 07:03:42,061: INFO: common: yaml file: params.yaml loaded successfully]
[2025-01-08 07:03:42,064: INFO: common: yaml file: schema.yaml loaded successfully]
[2025-01-08 07:03:42,066: INFO: common: created directory at: artifacts]
[2025-01-08 07:03:42,069: INFO: common: created directory at: artifacts/data_ingestion]
[2025-01-08 07:03:42,556: INFO: 2408168852: artifacts/data_ingestion/data.zip downloaded! with following info
: Connection: close
Content-Length: 23329
Cache-Control: max-age=300
Content-Security-Policy: default-src 'none'; style-src 'unsafe-inline'; sandbox
Content-Type: application/zip
ETag: "c69888a4ae59bc5a893392785a938ccd4937981c06ba8a9d6a21aa52b4ab5b6e"
Strict-Transport-Security: max-age=31536000
X-Content-Type-Options: nosniff
X-Frame-Options: deny
X-XSS-Protection: 1; mode=block
X-GitHub-Request-Id: A554:4D54C:8577:1546B:677DD4DE
Accept-Ranges: bytes
Date: Wed, 08 Jan 2025 01:33:42 GMT
Via: 1.1 varnish
X-Served-By: cache-del21728-DEL
X-Cache: HIT
X-Cache-Hits: 1
X-Timer: S1736300022.280538,VS0,VE1
Vary: Authorization,Accept-Encoding,Origin
Access-Control-Allow-Origin: *
Cross-Origin-Resource-Policy: cross-origin
X-Fastly-Request-ID: 727ddf125f23a48ebbdc4618af48a29255579a12
Expires: Wed, 08 Jan 2025 01:38:42 GMT
Source-Age: 279

]
[2025-01-08 12:12:12,461: INFO: main: Welcome to our custom logging data science ]
[2025-01-08 12:12:43,675: INFO: main: Welcome to our custom logging data science ]
[2025-01-08 12:13:04,498: INFO: main: Welcome to our custom logging data science ]
[2025-01-08 12:13:04,498: INFO: main: >>>> DATA INGESTION started <<<<<]
[2025-01-08 12:13:04,510: INFO: common: yaml file: config\config.yaml loaded successfully]
[2025-01-08 12:13:04,518: INFO: common: yaml file: params.yaml loaded successfully]
[2025-01-08 12:13:04,527: INFO: common: yaml file: schema.yaml loaded successfully]
[2025-01-08 12:13:04,529: INFO: common: created directory at: artifacts]
[2025-01-08 12:13:04,532: INFO: common: created directory at: artifacts/data_ingestion]
[2025-01-08 12:13:05,930: INFO: data_ingestion: artifacts/data_ingestion/data.zip downloaded! with following info
: Connection: close
Content-Length: 23329
Cache-Control: max-age=300
Content-Security-Policy: default-src 'none'; style-src 'unsafe-inline'; sandbox
Content-Type: application/zip
ETag: "c69888a4ae59bc5a893392785a938ccd4937981c06ba8a9d6a21aa52b4ab5b6e"
Strict-Transport-Security: max-age=31536000
X-Content-Type-Options: nosniff
X-Frame-Options: deny
X-XSS-Protection: 1; mode=block
X-GitHub-Request-Id: D2C9:23DF:49BD0:70878:677E1E79
Accept-Ranges: bytes
Date: Wed, 08 Jan 2025 06:43:06 GMT
Via: 1.1 varnish
X-Served-By: cache-del21731-DEL
X-Cache: MISS
X-Cache-Hits: 0
X-Timer: S1736318586.065367,VS0,VE304
Vary: Authorization,Accept-Encoding,Origin
Access-Control-Allow-Origin: *
Cross-Origin-Resource-Policy: cross-origin
X-Fastly-Request-ID: 33534be5f81b746368757bfe5243a608830848ad
Expires: Wed, 08 Jan 2025 06:48:06 GMT
Source-Age: 0

]
[2025-01-08 12:13:05,947: INFO: main: >>> Stage DATA INGESTION completed]
[2025-01-09 06:35:53,848: INFO: common: yaml file: config\config.yaml loaded successfully]
[2025-01-09 06:35:53,861: INFO: common: yaml file: params.yaml loaded successfully]
[2025-01-09 06:35:53,875: INFO: common: yaml file: schema.yaml loaded successfully]
[2025-01-09 06:35:53,878: INFO: common: created directory at: artifacts]
[2025-01-09 06:35:53,879: INFO: common: created directory at: artifacts/data_validation]
[2025-01-09 06:46:11,714: INFO: common: yaml file: config\config.yaml loaded successfully]
[2025-01-09 06:46:11,717: INFO: common: yaml file: params.yaml loaded successfully]
[2025-01-09 06:46:11,721: INFO: common: yaml file: schema.yaml loaded successfully]
[2025-01-09 06:46:11,727: INFO: common: created directory at: artifacts]
[2025-01-09 06:46:11,729: INFO: common: created directory at: artifacts/data_validation]
[2025-01-09 06:46:28,154: INFO: common: yaml file: config\config.yaml loaded successfully]
[2025-01-09 06:46:28,157: INFO: common: yaml file: params.yaml loaded successfully]
[2025-01-09 06:46:28,166: INFO: common: yaml file: schema.yaml loaded successfully]
[2025-01-09 06:46:28,168: INFO: common: created directory at: artifacts]
[2025-01-09 06:46:28,172: INFO: common: created directory at: artifacts/data_validation]
[2025-01-09 07:39:22,961: INFO: main: Welcome to our custom logging data science ]
[2025-01-09 07:39:22,962: INFO: main: >>>> DATA VALIDATION started <<<<<]
[2025-01-09 07:39:22,964: INFO: common: yaml file: config\config.yaml loaded successfully]
[2025-01-09 07:39:22,965: INFO: common: yaml file: params.yaml loaded successfully]
[2025-01-09 07:39:22,967: INFO: common: yaml file: schema.yaml loaded successfully]
[2025-01-09 07:39:22,968: INFO: common: created directory at: artifacts]
[2025-01-09 07:41:06,924: INFO: main: Welcome to our custom logging data science ]
[2025-01-09 07:41:06,924: INFO: main: >>>> DATA VALIDATION started <<<<<]
[2025-01-09 07:41:06,936: INFO: common: yaml file: config\config.yaml loaded successfully]
[2025-01-09 07:41:06,937: INFO: common: yaml file: params.yaml loaded successfully]
[2025-01-09 07:41:06,938: INFO: common: yaml file: schema.yaml loaded successfully]
[2025-01-09 07:41:06,939: INFO: common: created directory at: artifacts]
[2025-01-09 07:41:06,939: INFO: common: created directory at: artifacts/data_validation]
[2025-01-09 07:44:08,698: INFO: main: Welcome to our custom logging data science ]
[2025-01-09 07:44:08,699: INFO: main: >>>> DATA VALIDATION started <<<<<]
[2025-01-09 07:44:08,700: INFO: common: yaml file: config\config.yaml loaded successfully]
[2025-01-09 07:44:08,701: INFO: common: yaml file: params.yaml loaded successfully]
[2025-01-09 07:44:08,702: INFO: common: yaml file: schema.yaml loaded successfully]
[2025-01-09 07:44:08,702: INFO: common: created directory at: artifacts]
[2025-01-09 07:44:08,703: INFO: common: created directory at: artifacts/data_validation]
[2025-01-09 07:44:08,727: INFO: main: >>> Stage DATA VALIDATION completed]
[2025-01-09 13:00:32,834: INFO: common: yaml file: config\config.yaml loaded successfully]
[2025-01-09 13:00:32,846: INFO: common: yaml file: schema.yaml loaded successfully]
[2025-01-09 13:00:32,851: INFO: common: yaml file: params.yaml loaded successfully]
[2025-01-09 13:00:32,854: INFO: common: created directory at: artifacts]
[2025-01-09 13:00:32,858: INFO: common: created directory at: artifacts/data_transformation]
[2025-01-09 13:00:32,909: INFO: 3358466386: splitted the data into training and testing data]
[2025-01-09 13:00:32,911: INFO: 3358466386: (1199, 12)]
[2025-01-09 13:00:32,912: INFO: 3358466386: (400, 12)]
[2025-01-09 13:54:39,473: INFO: main: Welcome to our custom logging data science ]
[2025-01-09 13:54:39,475: INFO: main: >>>> DATA INGESTION started <<<<<]
[2025-01-09 13:54:39,477: INFO: common: yaml file: config\config.yaml loaded successfully]
[2025-01-09 13:54:39,485: INFO: common: yaml file: params.yaml loaded successfully]
[2025-01-09 13:54:39,495: INFO: common: yaml file: schema.yaml loaded successfully]
[2025-01-09 13:54:39,496: INFO: common: created directory at: artifacts]
[2025-01-09 13:54:39,497: INFO: common: created directory at: artifacts/data_validation]
[2025-01-09 13:54:39,521: INFO: main: >>> Stage DATA INGESTION completed]
[2025-01-09 13:54:39,521: INFO: main: >>> stage DATA INGESTION started <<< ]
[2025-01-09 13:54:39,522: INFO: main: >> stage DATA INGESTION completed]
[2025-01-09 15:41:31,974: INFO: main: Welcome to our custom logging data science ]
[2025-01-09 15:41:31,976: INFO: main: >>>> DATA INGESTION started <<<<<]
[2025-01-09 15:41:31,979: INFO: common: yaml file: config\config.yaml loaded successfully]
[2025-01-09 15:41:32,028: INFO: common: yaml file: params.yaml loaded successfully]
[2025-01-09 15:41:32,032: INFO: common: yaml file: schema.yaml loaded successfully]
[2025-01-09 15:41:32,033: INFO: common: created directory at: artifacts]
[2025-01-09 15:41:32,034: INFO: common: created directory at: artifacts/data_validation]
[2025-01-09 15:41:32,081: INFO: main: >>> Stage DATA INGESTION completed]
[2025-01-09 15:41:32,081: INFO: main: >>> stage DATA INGESTION started <<< ]
[2025-01-09 15:41:32,085: INFO: main: >> stage DATA INGESTION completed]
[2025-01-09 15:42:14,924: INFO: main: Welcome to our custom logging data science ]
[2025-01-09 15:42:14,924: INFO: main: >>>> DATA INGESTION started <<<<<]
[2025-01-09 15:42:14,927: INFO: common: yaml file: config\config.yaml loaded successfully]
[2025-01-09 15:42:14,928: INFO: common: yaml file: params.yaml loaded successfully]
[2025-01-09 15:42:14,931: INFO: common: yaml file: schema.yaml loaded successfully]
[2025-01-09 15:42:14,932: INFO: common: created directory at: artifacts]
[2025-01-09 15:42:14,932: INFO: common: created directory at: artifacts/data_validation]
[2025-01-09 15:42:14,954: INFO: main: >>> Stage DATA INGESTION completed]
[2025-01-09 15:42:14,955: INFO: main: >>> stage DATA INGESTION started <<< ]
[2025-01-09 15:42:14,956: INFO: main: >> stage DATA INGESTION completed]
[2025-01-09 15:45:24,743: INFO: main: Welcome to our custom logging data science ]
[2025-01-09 15:45:24,744: INFO: main: >>>> DATA INGESTION started <<<<<]
[2025-01-09 15:45:24,746: INFO: common: yaml file: config\config.yaml loaded successfully]
[2025-01-09 15:45:24,747: INFO: common: yaml file: params.yaml loaded successfully]
[2025-01-09 15:45:24,749: INFO: common: yaml file: schema.yaml loaded successfully]
[2025-01-09 15:45:24,749: INFO: common: created directory at: artifacts]
[2025-01-09 15:45:24,750: INFO: common: created directory at: artifacts/data_validation]
[2025-01-09 15:45:24,774: INFO: main: >>> Stage DATA INGESTION completed]
[2025-01-09 15:45:24,774: INFO: main: >>> stage DATA INGESTION started <<< ]
[2025-01-09 15:45:24,775: INFO: main: >> stage DATA INGESTION completed]
[2025-01-09 15:45:52,212: INFO: main: Welcome to our custom logging data science ]
[2025-01-09 15:45:52,212: INFO: main: >>>> DATA VALIDATION started <<<<<]
[2025-01-09 15:45:52,214: INFO: common: yaml file: config\config.yaml loaded successfully]
[2025-01-09 15:45:52,215: INFO: common: yaml file: params.yaml loaded successfully]
[2025-01-09 15:45:52,216: INFO: common: yaml file: schema.yaml loaded successfully]
[2025-01-09 15:45:52,216: INFO: common: created directory at: artifacts]
[2025-01-09 15:45:52,217: INFO: common: created directory at: artifacts/data_validation]
[2025-01-09 15:45:52,225: INFO: main: >>> Stage DATA VALIDATION completed]
[2025-01-09 15:45:52,225: INFO: main: >>> stage DATA TRANSFORMATION started <<< ]
[2025-01-09 15:45:52,227: INFO: main: >> stage DATA TRANSFORMATION completed]
[2025-01-09 15:47:09,903: INFO: main: Welcome to our custom logging data science ]
[2025-01-09 15:47:09,904: INFO: main: >>>> DATA VALIDATION started <<<<<]
[2025-01-09 15:47:09,905: INFO: common: yaml file: config\config.yaml loaded successfully]
[2025-01-09 15:47:09,906: INFO: common: yaml file: params.yaml loaded successfully]
[2025-01-09 15:47:09,907: INFO: common: yaml file: schema.yaml loaded successfully]
[2025-01-09 15:47:09,908: INFO: common: created directory at: artifacts]
[2025-01-09 15:47:09,908: INFO: common: created directory at: artifacts/data_validation]
[2025-01-09 15:47:09,917: INFO: main: >>> Stage DATA VALIDATION completed]
[2025-01-09 15:47:09,917: INFO: main: >>> stage DATA TRANSFORMATION started <<< ]
[2025-01-09 15:47:09,919: INFO: main: >> stage DATA TRANSFORMATION completed]
[2025-01-09 15:51:25,301: INFO: main: Welcome to our custom logging data science ]
[2025-01-09 15:51:25,302: INFO: main: >>>> DATA VALIDATION started <<<<<]
[2025-01-09 15:51:25,303: INFO: common: yaml file: config\config.yaml loaded successfully]
[2025-01-09 15:51:25,304: INFO: common: yaml file: params.yaml loaded successfully]
[2025-01-09 15:51:25,305: INFO: common: yaml file: schema.yaml loaded successfully]
[2025-01-09 15:51:25,306: INFO: common: created directory at: artifacts]
[2025-01-09 15:51:25,306: INFO: common: created directory at: artifacts/data_validation]
[2025-01-09 15:51:25,315: INFO: main: >>> Stage DATA VALIDATION completed]
[2025-01-09 15:51:25,315: INFO: main: >>> stage DATA TRANSFORMATION started <<< ]
[2025-01-09 15:51:25,318: INFO: common: yaml file: config\config.yaml loaded successfully]
[2025-01-09 15:51:25,319: INFO: common: yaml file: params.yaml loaded successfully]
[2025-01-09 15:51:25,321: INFO: common: yaml file: schema.yaml loaded successfully]
[2025-01-09 15:51:25,322: INFO: common: created directory at: artifacts]
[2025-01-09 15:51:25,322: INFO: common: created directory at: artifacts/data_transformation]
[2025-01-09 15:51:25,367: INFO: data_transformation: splitted the data into training and testing data]
[2025-01-09 15:51:25,368: INFO: data_transformation: (1199, 12)]
[2025-01-09 15:51:25,368: INFO: data_transformation: (400, 12)]
[2025-01-09 15:51:25,369: INFO: main: >> stage DATA TRANSFORMATION completed]
[2025-01-09 17:25:21,816: INFO: common: yaml file: config\config.yaml loaded successfully]
[2025-01-09 17:25:21,836: INFO: common: yaml file: params.yaml loaded successfully]
[2025-01-09 17:25:21,850: INFO: common: yaml file: schema.yaml loaded successfully]
[2025-01-09 17:25:21,854: INFO: common: created directory at: artifacts]
[2025-01-09 17:28:18,009: INFO: common: yaml file: config\config.yaml loaded successfully]
[2025-01-09 17:28:18,012: INFO: common: yaml file: params.yaml loaded successfully]
[2025-01-09 17:28:18,015: INFO: common: yaml file: schema.yaml loaded successfully]
[2025-01-09 17:28:18,019: INFO: common: created directory at: artifacts]
[2025-01-09 17:30:15,501: INFO: common: yaml file: config\config.yaml loaded successfully]
[2025-01-09 17:31:28,968: INFO: common: yaml file: config\config.yaml loaded successfully]
[2025-01-09 17:31:28,973: INFO: common: yaml file: params.yaml loaded successfully]
[2025-01-09 17:31:28,978: INFO: common: yaml file: schema.yaml loaded successfully]
[2025-01-09 17:31:28,980: INFO: common: created directory at: artifacts]
[2025-01-09 17:31:28,982: INFO: common: created directory at: artifacts/model_trainer]
[2025-01-09 17:32:05,561: INFO: common: yaml file: config\config.yaml loaded successfully]
[2025-01-09 17:32:05,580: INFO: common: yaml file: params.yaml loaded successfully]
[2025-01-09 17:32:05,585: INFO: common: yaml file: schema.yaml loaded successfully]
[2025-01-09 17:32:05,587: INFO: common: created directory at: artifacts]
[2025-01-09 17:32:05,591: INFO: common: created directory at: artifacts/model_trainer]
[2025-01-09 17:55:07,243: INFO: main: Welcome to our custom logging data science ]
[2025-01-09 17:55:07,243: INFO: main: >>>> DATA VALIDATION started <<<<<]
[2025-01-09 17:55:07,246: INFO: common: yaml file: config\config.yaml loaded successfully]
[2025-01-09 17:55:07,247: INFO: common: yaml file: params.yaml loaded successfully]
[2025-01-09 17:55:07,249: INFO: common: yaml file: schema.yaml loaded successfully]
[2025-01-09 17:55:07,249: INFO: common: created directory at: artifacts]
[2025-01-09 17:55:07,250: INFO: common: created directory at: artifacts/data_validation]
[2025-01-09 17:55:07,265: INFO: main: >>> Stage DATA VALIDATION completed]
[2025-01-09 17:55:07,265: INFO: main: >>> stage DATA TRANSFORMATION started <<< ]
[2025-01-09 17:55:07,268: INFO: common: yaml file: config\config.yaml loaded successfully]
[2025-01-09 17:55:07,269: INFO: common: yaml file: params.yaml loaded successfully]
[2025-01-09 17:55:07,270: INFO: common: yaml file: schema.yaml loaded successfully]
[2025-01-09 17:55:07,271: INFO: common: created directory at: artifacts]
[2025-01-09 17:55:07,271: INFO: common: created directory at: artifacts/data_transformation]
[2025-01-09 17:55:07,304: INFO: data_transformation: splitted the data into training and testing data]
[2025-01-09 17:55:07,305: INFO: data_transformation: (1199, 12)]
[2025-01-09 17:55:07,305: INFO: data_transformation: (400, 12)]
[2025-01-09 17:55:07,305: INFO: main: >> stage DATA TRANSFORMATION completed]
[2025-01-09 17:55:07,306: INFO: main: >>> stage MODEL TRAINER started <<<]
[2025-01-09 17:55:07,308: INFO: common: yaml file: config\config.yaml loaded successfully]
[2025-01-09 17:55:07,310: INFO: common: yaml file: params.yaml loaded successfully]
[2025-01-09 17:55:07,311: INFO: common: yaml file: schema.yaml loaded successfully]
[2025-01-09 17:55:07,312: INFO: common: created directory at: artifacts]
[2025-01-09 17:55:07,313: INFO: common: created directory at: artifacts/model_trainer]
[2025-01-09 17:55:07,356: INFO: main: >>stage MODEL TRAINER completed <<<]
[2025-01-10 07:25:59,918: INFO: common: yaml file: config\config.yaml loaded successfully]
[2025-01-10 07:25:59,933: INFO: common: yaml file: params.yaml loaded successfully]
[2025-01-10 07:25:59,939: INFO: common: yaml file: schema.yaml loaded successfully]
[2025-01-10 07:25:59,945: INFO: common: created directory at: artifacts]
[2025-01-10 07:25:59,948: INFO: common: created directory at: artifacts/model_evaluation]
[2025-01-10 07:26:45,860: INFO: common: yaml file: config\config.yaml loaded successfully]
[2025-01-10 07:26:45,869: INFO: common: yaml file: params.yaml loaded successfully]
[2025-01-10 07:26:45,873: INFO: common: yaml file: schema.yaml loaded successfully]
[2025-01-10 07:26:45,875: INFO: common: created directory at: artifacts]
[2025-01-10 07:26:45,876: INFO: common: created directory at: artifacts/model_evaluation]
[2025-01-10 07:32:14,761: INFO: common: yaml file: config\config.yaml loaded successfully]
[2025-01-10 07:32:14,765: INFO: common: yaml file: params.yaml loaded successfully]
[2025-01-10 07:32:14,771: INFO: common: yaml file: schema.yaml loaded successfully]
[2025-01-10 07:32:14,772: INFO: common: created directory at: artifacts]
[2025-01-10 07:32:14,774: INFO: common: created directory at: artifacts/model_evaluation]
[2025-01-10 07:35:21,951: INFO: common: yaml file: config\config.yaml loaded successfully]
[2025-01-10 07:35:21,955: INFO: common: yaml file: params.yaml loaded successfully]
[2025-01-10 07:35:21,958: INFO: common: yaml file: schema.yaml loaded successfully]
[2025-01-10 07:35:21,960: INFO: common: created directory at: artifacts]
[2025-01-10 07:35:21,962: INFO: common: created directory at: artifacts/model_evaluation]
[2025-01-10 07:35:22,642: INFO: common: json file saved at: artifacts\model_evaluation\metrics.json]
[2025-01-10 11:06:06,485: INFO: main: Welcome to our custom logging data science ]
[2025-01-10 11:06:06,487: INFO: main: >>>> DATA VALIDATION started <<<<<]
[2025-01-10 11:06:06,491: INFO: common: yaml file: config\config.yaml loaded successfully]
[2025-01-10 11:06:06,494: INFO: common: yaml file: params.yaml loaded successfully]
[2025-01-10 11:06:06,496: INFO: common: yaml file: schema.yaml loaded successfully]
[2025-01-10 11:06:06,497: INFO: common: created directory at: artifacts]
[2025-01-10 11:06:06,497: INFO: common: created directory at: artifacts/data_validation]
[2025-01-10 11:06:06,543: INFO: main: >>> Stage DATA VALIDATION completed]
[2025-01-10 11:06:06,543: INFO: main: >>> stage DATA TRANSFORMATION started <<< ]
[2025-01-10 11:06:06,555: INFO: common: yaml file: config\config.yaml loaded successfully]
[2025-01-10 11:06:06,558: INFO: common: yaml file: params.yaml loaded successfully]
[2025-01-10 11:06:06,560: INFO: common: yaml file: schema.yaml loaded successfully]
[2025-01-10 11:06:06,561: INFO: common: created directory at: artifacts]
[2025-01-10 11:06:06,561: INFO: common: created directory at: artifacts/data_transformation]
[2025-01-10 11:06:06,585: INFO: data_transformation: splitted the data into training and testing data]
[2025-01-10 11:06:06,586: INFO: data_transformation: (1199, 12)]
[2025-01-10 11:06:06,586: INFO: data_transformation: (400, 12)]
[2025-01-10 11:06:06,586: INFO: main: >> stage DATA TRANSFORMATION completed]
[2025-01-10 11:06:06,586: INFO: main: >>> stage MODEL TRAINER started <<<]
[2025-01-10 11:06:06,590: INFO: common: yaml file: config\config.yaml loaded successfully]
[2025-01-10 11:06:06,594: INFO: common: yaml file: params.yaml loaded successfully]
[2025-01-10 11:06:06,596: INFO: common: yaml file: schema.yaml loaded successfully]
[2025-01-10 11:06:06,596: INFO: common: created directory at: artifacts]
[2025-01-10 11:06:06,596: INFO: common: created directory at: artifacts/model_trainer]
[2025-01-10 11:06:06,648: INFO: main: >>stage MODEL TRAINER completed <<<]
[2025-01-10 11:06:06,649: INFO: main: >>> stage DATA INGESTION started <<<< ]
[2025-01-10 11:06:06,652: INFO: common: yaml file: config\config.yaml loaded successfully]
[2025-01-10 11:06:06,653: INFO: common: yaml file: params.yaml loaded successfully]
[2025-01-10 11:06:06,655: INFO: common: yaml file: schema.yaml loaded successfully]
[2025-01-10 11:06:06,656: INFO: common: created directory at: artifacts]
[2025-01-10 11:06:06,656: INFO: common: created directory at: artifacts/model_evaluation]
[2025-01-10 11:06:08,608: INFO: common: json file saved at: artifacts\model_evaluation\metrics.json]
[2025-01-10 11:06:24,271: INFO: main: >> stage DATA INGESTION completed <<<]
